This is pdfTeX, Version 3.1415926-2.3-1.40.12 (MiKTeX 2.9) (preloaded format=pdflatex 2014.5.9)  17 NOV 2014 16:46
entering extended mode
**bare_adv.tex
(C:\Users\PC-User\Dropbox\文章Latex\2015_paper\tPAMI\IEEEtran\bare_adv.tex
LaTeX2e <2011/06/27>
Babel <v3.8m> and hyphenation patterns for loaded.
(C:\Users\PC-User\Dropbox\文章Latex\2015_paper\tPAMI\IEEEtran\IEEEtran.cls
Document Class: IEEEtran 2014/09/17 V1.8a by Michael Shell
-- See the "IEEEtran_HOWTO" manual for usage information.
-- http://www.michaelshell.org/tex/ieeetran/
\@IEEEtrantmpdimenA=\dimen102
\@IEEEtrantmpdimenB=\dimen103
\@IEEEtrantmpdimenC=\dimen104
\@IEEEtrantmpcountA=\count79
\@IEEEtrantmpcountB=\count80
\@IEEEtrantmpcountC=\count81
\@IEEEtrantmptoksA=\toks14
-- Using IEEE Computer Society mode.
LaTeX Font Info:    Try loading font information for OT1+ppl on input line 458.

(C:\CTEX\MiKTeX\tex\latex\psnfss\ot1ppl.fd
File: ot1ppl.fd 2001/06/04 font definitions for OT1/ppl.
)
-- Using 8.5in x 11in (letter) paper.
-- Using PDF output.
\@IEEEnormalsizeunitybaselineskip=\dimen105
-- This is a 10 point document.
\CLASSINFOnormalsizebaselineskip=\dimen106
\CLASSINFOnormalsizeunitybaselineskip=\dimen107
\IEEEnormaljot=\dimen108
LaTeX Font Info:    Font shape `OT1/ppl/bx/n' in size <5.01874> not available
(Font)              Font shape `OT1/ppl/b/n' tried instead on input line 1039.
LaTeX Font Info:    Font shape `OT1/ppl/bx/it' in size <5.01874> not available
(Font)              Font shape `OT1/ppl/b/it' tried instead on input line 1039.

LaTeX Font Info:    Font shape `OT1/ppl/bx/n' in size <7.02625> not available
(Font)              Font shape `OT1/ppl/b/n' tried instead on input line 1039.
LaTeX Font Info:    Font shape `OT1/ppl/bx/it' in size <7.02625> not available
(Font)              Font shape `OT1/ppl/b/it' tried instead on input line 1039.

LaTeX Font Info:    Font shape `OT1/ppl/bx/n' in size <8.03> not available
(Font)              Font shape `OT1/ppl/b/n' tried instead on input line 1039.
LaTeX Font Info:    Font shape `OT1/ppl/bx/it' in size <8.03> not available
(Font)              Font shape `OT1/ppl/b/it' tried instead on input line 1039.

LaTeX Font Info:    Font shape `OT1/ppl/bx/n' in size <9.03374> not available
(Font)              Font shape `OT1/ppl/b/n' tried instead on input line 1039.
LaTeX Font Info:    Font shape `OT1/ppl/bx/it' in size <9.03374> not available
(Font)              Font shape `OT1/ppl/b/it' tried instead on input line 1039.

LaTeX Font Info:    Font shape `OT1/ppl/bx/n' in size <9.53561> not available
(Font)              Font shape `OT1/ppl/b/n' tried instead on input line 1039.
LaTeX Font Info:    Font shape `OT1/ppl/bx/it' in size <9.53561> not available
(Font)              Font shape `OT1/ppl/b/it' tried instead on input line 1039.

LaTeX Font Info:    Font shape `OT1/ppl/bx/n' in size <11.04124> not available
(Font)              Font shape `OT1/ppl/b/n' tried instead on input line 1039.
LaTeX Font Info:    Font shape `OT1/ppl/bx/it' in size <11.04124> not available

(Font)              Font shape `OT1/ppl/b/it' tried instead on input line 1039.

LaTeX Font Info:    Font shape `OT1/ppl/bx/n' in size <12.045> not available
(Font)              Font shape `OT1/ppl/b/n' tried instead on input line 1039.
LaTeX Font Info:    Font shape `OT1/ppl/bx/it' in size <12.045> not available
(Font)              Font shape `OT1/ppl/b/it' tried instead on input line 1039.

LaTeX Font Info:    Font shape `OT1/ppl/bx/n' in size <17.06374> not available
(Font)              Font shape `OT1/ppl/b/n' tried instead on input line 1039.
LaTeX Font Info:    Font shape `OT1/ppl/bx/it' in size <17.06374> not available

(Font)              Font shape `OT1/ppl/b/it' tried instead on input line 1039.

LaTeX Font Info:    Font shape `OT1/ppl/bx/n' in size <20.075> not available
(Font)              Font shape `OT1/ppl/b/n' tried instead on input line 1039.
LaTeX Font Info:    Font shape `OT1/ppl/bx/it' in size <20.075> not available
(Font)              Font shape `OT1/ppl/b/it' tried instead on input line 1039.

LaTeX Font Info:    Font shape `OT1/ppl/bx/n' in size <24.09> not available
(Font)              Font shape `OT1/ppl/b/n' tried instead on input line 1039.
LaTeX Font Info:    Font shape `OT1/ppl/bx/it' in size <24.09> not available
(Font)              Font shape `OT1/ppl/b/it' tried instead on input line 1039.

\IEEEquantizedlength=\dimen109
\IEEEquantizedlengthdiff=\dimen110
\IEEEquantizedtextheightdiff=\dimen111
\IEEEilabelindentA=\dimen112
\IEEEilabelindentB=\dimen113
\IEEEilabelindent=\dimen114
\IEEEelabelindent=\dimen115
\IEEEdlabelindent=\dimen116
\IEEElabelindent=\dimen117
\IEEEiednormlabelsep=\dimen118
\IEEEiedmathlabelsep=\dimen119
\IEEEiedtopsep=\skip41
\c@section=\count82
\c@subsection=\count83
\c@subsubsection=\count84
\c@paragraph=\count85
\c@IEEEsubequation=\count86
\abovecaptionskip=\skip42
\belowcaptionskip=\skip43
\c@figure=\count87
\c@table=\count88
\@IEEEeqnnumcols=\count89
\@IEEEeqncolcnt=\count90
\@IEEEsubeqnnumrollback=\count91
\@IEEEquantizeheightA=\dimen120
\@IEEEquantizeheightB=\dimen121
\@IEEEquantizeheightC=\dimen122
\@IEEEquantizeprevdepth=\dimen123
\@IEEEquantizemultiple=\count92
\@IEEEquantizeboxA=\box26
\@IEEEtmpitemindent=\dimen124
\c@IEEEbiography=\count93
\@IEEEtranrubishbin=\box27
) (C:\CTEX\MiKTeX\tex\latex\cite\cite.sty
LaTeX Info: Redefining \cite on input line 302.
LaTeX Info: Redefining \nocite on input line 373.
Package: cite 2010/09/10  v 5.3
)
(C:\Users\PC-User\Dropbox\文章Latex\2015_paper\tPAMI\IEEEtran\bare_adv.aux)
LaTeX Font Info:    Checking defaults for OML/cmm/m/it on input line 529.
LaTeX Font Info:    ... okay on input line 529.
LaTeX Font Info:    Checking defaults for T1/cmr/m/n on input line 529.
LaTeX Font Info:    ... okay on input line 529.
LaTeX Font Info:    Checking defaults for OT1/cmr/m/n on input line 529.
LaTeX Font Info:    ... okay on input line 529.
LaTeX Font Info:    Checking defaults for OMS/cmsy/m/n on input line 529.
LaTeX Font Info:    ... okay on input line 529.
LaTeX Font Info:    Checking defaults for OMX/cmex/m/n on input line 529.
LaTeX Font Info:    ... okay on input line 529.
LaTeX Font Info:    Checking defaults for U/cmr/m/n on input line 529.
LaTeX Font Info:    ... okay on input line 529.

-- Lines per column: 61 (exact).
LaTeX Font Info:    Try loading font information for OT1+phv on input line 644.

(C:\CTEX\MiKTeX\tex\latex\psnfss\ot1phv.fd
File: ot1phv.fd 2001/06/04 scalable font definitions for OT1/phv.
)
LaTeX Font Info:    Font shape `OT1/phv/m/it' in size <11.04124> not available
(Font)              Font shape `OT1/phv/m/sl' tried instead on input line 644.
LaTeX Font Info:    Font shape `OT1/phv/bx/n' in size <8.03> not available
(Font)              Font shape `OT1/phv/b/n' tried instead on input line 644.
LaTeX Font Info:    Calculating math sizes for size <8.03> on input line 644.
LaTeX Font Info:    External font `cmex10' loaded for size
(Font)              <8.03> on input line 644.
LaTeX Font Info:    External font `cmex10' loaded for size
(Font)              <5.62097> on input line 644.
LaTeX Font Info:    External font `cmex10' loaded for size
(Font)              <4.015> on input line 644.
LaTeX Font Info:    Calculating math sizes for size <11.04124> on input line 64
4.
LaTeX Font Info:    External font `cmex10' loaded for size
(Font)              <11.04124> on input line 644.
LaTeX Font Info:    External font `cmex10' loaded for size
(Font)              <7.72884> on input line 644.
LaTeX Font Info:    External font `cmex10' loaded for size
(Font)              <5.52061> on input line 644.
LaTeX Font Info:    Try loading font information for U+pzd on input line 644.

(C:\CTEX\MiKTeX\tex\latex\psnfss\upzd.fd
File: upzd.fd 2001/06/04 font definitions for U/pzd.
)
LaTeX Font Info:    Font shape `OT1/phv/bx/n' in size <11.04124> not available
(Font)              Font shape `OT1/phv/b/n' tried instead on input line 671.
LaTeX Font Info:    Font shape `OT1/phv/bx/sc' in size <11.04124> not available

(Font)              Font shape `OT1/phv/b/sc' tried instead on input line 671.
LaTeX Font Info:    Calculating math sizes for size <9.53561> on input line 703
.
LaTeX Font Info:    External font `cmex10' loaded for size
(Font)              <9.53561> on input line 703.
LaTeX Font Info:    External font `cmex10' loaded for size
(Font)              <6.6749> on input line 703.
LaTeX Font Info:    External font `cmex10' loaded for size
(Font)              <4.7678> on input line 703.
LaTeX Font Info:    Font shape `OT1/phv/bx/n' in size <9.53561> not available
(Font)              Font shape `OT1/phv/b/n' tried instead on input line 713.
LaTeX Font Info:    Font shape `OT1/phv/m/it' in size <9.53561> not available
(Font)              Font shape `OT1/phv/m/sl' tried instead on input line 719.
LaTeX Font Info:    Calculating math sizes for size <7.02625> on input line 947
.
LaTeX Font Info:    External font `cmex10' loaded for size
(Font)              <7.02625> on input line 947.
LaTeX Font Info:    External font `cmex10' loaded for size
(Font)              <4.91833> on input line 947.
LaTeX Font Info:    External font `cmex10' loaded for size
(Font)              <3.51312> on input line 947.
 [1{C:/CTEX/UserData/pdftex/config/pdftex.map{Unicode.sfd}{UGBK.sfd}}


]
(C:\Users\PC-User\Dropbox\文章Latex\2015_paper\tPAMI\IEEEtran\bare_adv.aux) )
 
Here is how much of TeX's memory you used:
 1277 strings out of 495354
 22875 string characters out of 3183860
 69499 words of memory out of 3000000
 4482 multiletter control sequences out of 15000+200000
 52465 words of font info for 103 fonts, out of 3000000 for 9000
 17 hyphenation exceptions out of 8191
 31i,8n,31p,204b,324s stack positions out of 5000i,500n,10000p,200000b,50000s
{C:/CTEX/MiKTeX/fonts/enc/dvips/fontname/8r.enc}<C:/CTEX/MiKTeX/fonts/type1/pub
lic/amsfonts/cm/cmsy8.pfb><C:/CTEX/MiKTeX/fonts/type1/urw/helvetic/uhvb8a.pfb><
C:/CTEX/MiKTeX/fonts/type1/urw/helvetic/uhvr8a.pfb><C:/CTEX/MiKTeX/fonts/type1/
urw/helvetic/uhvro8a.pfb><C:/CTEX/MiKTeX/fonts/type1/urw/palatino/uplr8a.pfb><C
:/CTEX/MiKTeX/fonts/type1/urw/palatino/uplri8a.pfb><C:/CTEX/MiKTeX/fonts/type1/
urw/zapfding/uzdr.pfb>
Output written on bare_adv.pdf (1 page, 78001 bytes).
PDF statistics:
 35 PDF objects out of 1000 (max. 8388607)
 0 named destinations out of 1000 (max. 500000)
 1 words of extra memory for PDF output out of 10000 (max. 10000000)

