\BOOKMARK [1][-]{section.1}{\376\377\000\111\000\156\000\164\000\162\000\157\000\144\000\165\000\143\000\164\000\151\000\157\000\156}{}% 1
\BOOKMARK [1][-]{section.2}{\376\377\000\105\000\170\000\160\000\145\000\162\000\151\000\155\000\145\000\156\000\164\000\163\000\040\000\141\000\156\000\144\000\040\000\101\000\156\000\141\000\154\000\171\000\163\000\151\000\163}{}% 2
\BOOKMARK [2][-]{subsection.2.1}{\376\377\000\103\000\150\000\141\000\154\000\145\000\141\000\162\000\156\000\040\000\114\000\101\000\120\000\040\000\104\000\141\000\164\000\141\000\163\000\145\000\164\000\040\000\046\000\040\000\105\000\166\000\141\000\154\000\165\000\141\000\164\000\151\000\157\000\156\000\040\000\115\000\145\000\164\000\162\000\151\000\143\000\163}{section.2}% 3
\BOOKMARK [2][-]{subsection.2.2}{\376\377\000\115\000\157\000\144\000\145\000\154\000\040\000\101\000\162\000\143\000\150\000\151\000\164\000\145\000\143\000\164\000\165\000\162\000\145\000\072\000\040\000\104\000\145\000\145\000\160\000\040\000\104\000\171\000\156\000\141\000\155\000\151\000\143\000\040\000\116\000\145\000\165\000\162\000\141\000\154\000\040\000\116\000\145\000\164\000\167\000\157\000\162\000\153\000\163}{section.2}% 4
\BOOKMARK [2][-]{subsection.2.3}{\376\377\000\105\000\123\000\055\000\110\000\115\000\115\000\072\000\040\000\123\000\151\000\155\000\165\000\154\000\164\000\141\000\156\000\145\000\157\000\165\000\163\000\040\000\123\000\145\000\147\000\155\000\145\000\156\000\164\000\141\000\164\000\151\000\157\000\156\000\040\000\141\000\156\000\144\000\040\000\122\000\145\000\143\000\157\000\147\000\156\000\151\000\164\000\151\000\157\000\156}{section.2}% 5
\BOOKMARK [2][-]{subsection.2.4}{\376\377\000\105\000\170\000\160\000\145\000\162\000\151\000\155\000\145\000\156\000\164\000\141\000\154\000\040\000\123\000\145\000\164\000\165\000\160\000\163}{section.2}% 6
\BOOKMARK [2][-]{subsection.2.5}{\376\377\000\123\000\153\000\145\000\154\000\145\000\164\000\157\000\156\000\040\000\115\000\157\000\144\000\165\000\154\000\145\000\040\000\046\000\040\000\104\000\102\000\116\000\040\000\164\000\162\000\141\000\151\000\156\000\151\000\156\000\147}{section.2}% 7
\BOOKMARK [3][-]{subsubsection.2.5.1}{\376\377\000\107\000\141\000\165\000\163\000\163\000\151\000\141\000\156\000\040\000\102\000\145\000\162\000\156\000\157\000\165\000\154\000\154\000\151\000\040\000\122\000\145\000\163\000\164\000\162\000\151\000\143\000\164\000\145\000\144\000\040\000\102\000\157\000\154\000\164\000\172\000\155\000\141\000\156\000\156\000\040\000\155\000\141\000\143\000\150\000\151\000\156\000\145\000\163}{subsection.2.5}% 8
\BOOKMARK [2][-]{subsection.2.6}{\376\377\000\104\000\145\000\160\000\164\000\150\000\040\000\063\000\104\000\040\000\115\000\157\000\144\000\165\000\154\000\145}{section.2}% 9
\BOOKMARK [3][-]{subsubsection.2.6.1}{\376\377\000\120\000\162\000\145\000\160\000\162\000\157\000\143\000\145\000\163\000\163\000\151\000\156\000\147\000\040\000\046\000\040\000\116\000\157\000\162\000\155\000\141\000\154\000\151\000\172\000\151\000\156\000\147\000\072\000\040\000\163\000\150\000\151\000\146\000\164\000\151\000\156\000\147\000\054\000\040\000\163\000\143\000\141\000\154\000\151\000\156\000\147\000\040\000\141\000\156\000\144\000\040\000\162\000\145\000\163\000\151\000\172\000\151\000\156\000\147\000\056}{subsection.2.6}% 10
\BOOKMARK [3][-]{subsubsection.2.6.2}{\376\377\000\063\000\104\000\103\000\116\000\116\000\040\000\101\000\162\000\143\000\150\000\151\000\164\000\145\000\143\000\164\000\165\000\162\000\145\000\040\000\046\000\040\000\104\000\145\000\164\000\141\000\151\000\154\000\163\000\040\000\157\000\146\000\040\000\114\000\145\000\141\000\162\000\156\000\151\000\156\000\147\000\056}{subsection.2.6}% 11
\BOOKMARK [3][-]{subsubsection.2.6.3}{\376\377\000\114\000\157\000\157\000\153\000\151\000\156\000\147\000\040\000\151\000\156\000\164\000\157\000\040\000\164\000\150\000\145\000\040\000\156\000\145\000\164\000\167\000\157\000\162\000\153\000\163\000\166\000\151\000\163\000\165\000\141\000\154\000\151\000\172\000\141\000\164\000\151\000\157\000\156\000\040\000\157\000\146\000\040\000\146\000\151\000\154\000\164\000\145\000\162\000\040\000\142\000\141\000\156\000\153\000\163\000\056}{subsection.2.6}% 12
\BOOKMARK [2][-]{subsection.2.7}{\376\377\000\120\000\157\000\163\000\164\000\055\000\120\000\162\000\157\000\143\000\145\000\163\000\163\000\151\000\156\000\147}{section.2}% 13
\BOOKMARK [2][-]{subsection.2.8}{\376\377\000\123\000\143\000\157\000\162\000\145\000\040\000\106\000\165\000\163\000\151\000\157\000\156}{section.2}% 14
\BOOKMARK [2][-]{subsection.2.9}{\376\377\000\103\000\157\000\155\000\160\000\165\000\164\000\141\000\164\000\151\000\157\000\156\000\141\000\154\000\040\000\143\000\157\000\155\000\160\000\154\000\145\000\170\000\151\000\164\000\171}{section.2}% 15
\BOOKMARK [1][-]{section.3}{\376\377\000\103\000\157\000\156\000\143\000\154\000\165\000\163\000\151\000\157\000\156\000\040\000\141\000\156\000\144\000\040\000\104\000\151\000\163\000\143\000\165\000\163\000\163\000\151\000\157\000\156}{}% 16
\BOOKMARK [1][-]{section*.14}{\376\377\000\101\000\160\000\160\000\145\000\156\000\144\000\151\000\170\000\040\000\101\000\072\000\040\000\120\000\162\000\157\000\157\000\146\000\040\000\157\000\146\000\040\000\164\000\150\000\145\000\040\000\106\000\151\000\162\000\163\000\164\000\040\000\132\000\157\000\156\000\153\000\154\000\141\000\162\000\040\000\105\000\161\000\165\000\141\000\164\000\151\000\157\000\156}{}% 17
\BOOKMARK [1][-]{section*.15}{\376\377\000\101\000\160\000\160\000\145\000\156\000\144\000\151\000\170\000\040\000\102}{}% 18
\BOOKMARK [1][-]{section*.17}{\376\377\000\122\000\145\000\146\000\145\000\162\000\145\000\156\000\143\000\145\000\163}{}% 19
\BOOKMARK [1][-]{IEEEbiography.0}{\376\377\000\102\000\151\000\157\000\147\000\162\000\141\000\160\000\150\000\151\000\145\000\163}{}% 20
\BOOKMARK [2][-]{IEEEbiography.1}{\376\377\000\115\000\151\000\143\000\150\000\141\000\145\000\154\000\040\000\123\000\150\000\145\000\154\000\154}{IEEEbiography.0}% 21
\BOOKMARK [2][-]{IEEEbiography.2}{\376\377\000\112\000\157\000\150\000\156\000\040\000\104\000\157\000\145}{IEEEbiography.0}% 22
\BOOKMARK [2][-]{IEEEbiography.3}{\376\377\000\112\000\141\000\156\000\145\000\040\000\104\000\157\000\145}{IEEEbiography.0}% 23
